<?xml version="1.0" encoding="UTF-8"?>
<!-- Generated by org.testng.reporters.JUnitXMLReporter -->
<testsuite hostname="LAPTOP-ANCRG3Q6" ignored="12" name="Test1" tests="7" failures="0" timestamp="2021-10-09T18:22:53 IST" time="0.383" errors="0">
  <testcase name="@BeforeClass launchBrowser" time="0.01" classname="com.Vtiger.GenericsUtils.BaseClassUtility">
    <failure type="java.lang.Error" message="Unresolved compilation problem: 
	The attribute value is undefined for the annotation type Parameter
">
      <![CDATA[java.lang.Error: Unresolved compilation problem: 
The attribute value is undefined for the annotation type Parameter

at com.Vtiger.GenericsUtils.BaseClassUtility.launchBrowser(BaseClassUtility.java:36)
at java.util.ArrayList.forEach(Unknown Source)
at java.util.concurrent.FutureTask.run(Unknown Source)
at java.util.concurrent.ThreadPoolExecutor.runWorker(Unknown Source)
at java.util.concurrent.ThreadPoolExecutor$Worker.run(Unknown Source)
at java.lang.Thread.run(Unknown Source)
... Removed 16 stack frames]]>
    </failure>
  </testcase> <!-- @BeforeClass launchBrowser -->
  <testcase name="@BeforeMethod loginToApp" time="-1.633783973626E9" classname="com.Vtiger.GenericsUtils.BaseClassUtility">
    <skipped/>
  </testcase> <!-- @BeforeMethod loginToApp -->
  <testcase name="@AfterMethod logoutOfApp" time="-1.633783973636E9" classname="com.Vtiger.GenericsUtils.BaseClassUtility">
    <skipped/>
  </testcase> <!-- @AfterMethod logoutOfApp -->
  <testcase name="@AfterClass closeBrowser" time="-1.633783973641E9" classname="com.Vtiger.GenericsUtils.BaseClassUtility">
    <skipped/>
  </testcase> <!-- @AfterClass closeBrowser -->
  <testcase name="@BeforeClass launchBrowser" time="0.006" classname="com.Vtiger.GenericsUtils.BaseClassUtility">
    <failure type="java.lang.Error" message="Unresolved compilation problem: 
	The attribute value is undefined for the annotation type Parameter
">
      <![CDATA[java.lang.Error: Unresolved compilation problem: 
The attribute value is undefined for the annotation type Parameter

at com.Vtiger.GenericsUtils.BaseClassUtility.launchBrowser(BaseClassUtility.java:36)
at java.util.ArrayList.forEach(Unknown Source)
at java.util.concurrent.FutureTask.run(Unknown Source)
at java.util.concurrent.ThreadPoolExecutor.runWorker(Unknown Source)
at java.util.concurrent.ThreadPoolExecutor$Worker.run(Unknown Source)
at java.lang.Thread.run(Unknown Source)
... Removed 16 stack frames]]>
    </failure>
  </testcase> <!-- @BeforeClass launchBrowser -->
  <testcase name="@BeforeMethod loginToApp" time="-1.633783973658E9" classname="com.Vtiger.GenericsUtils.BaseClassUtility">
    <skipped/>
  </testcase> <!-- @BeforeMethod loginToApp -->
  <testcase name="@AfterMethod logoutOfApp" time="-1.633783973688E9" classname="com.Vtiger.GenericsUtils.BaseClassUtility">
    <skipped/>
  </testcase> <!-- @AfterMethod logoutOfApp -->
  <testcase name="@AfterClass closeBrowser" time="-1.6337839737E9" classname="com.Vtiger.GenericsUtils.BaseClassUtility">
    <skipped/>
  </testcase> <!-- @AfterClass closeBrowser -->
  <testcase name="@BeforeClass launchBrowser" time="0.001" classname="com.Vtiger.GenericsUtils.BaseClassUtility">
    <failure type="java.lang.Error" message="Unresolved compilation problem: 
	The attribute value is undefined for the annotation type Parameter
">
      <![CDATA[java.lang.Error: Unresolved compilation problem: 
The attribute value is undefined for the annotation type Parameter

at com.Vtiger.GenericsUtils.BaseClassUtility.launchBrowser(BaseClassUtility.java:36)
at java.util.ArrayList.forEach(Unknown Source)
at java.util.concurrent.FutureTask.run(Unknown Source)
at java.util.concurrent.ThreadPoolExecutor.runWorker(Unknown Source)
at java.util.concurrent.ThreadPoolExecutor$Worker.run(Unknown Source)
at java.lang.Thread.run(Unknown Source)
... Removed 16 stack frames]]>
    </failure>
  </testcase> <!-- @BeforeClass launchBrowser -->
  <testcase name="@BeforeMethod loginToApp" time="-1.633783973801E9" classname="com.Vtiger.GenericsUtils.BaseClassUtility">
    <skipped/>
  </testcase> <!-- @BeforeMethod loginToApp -->
  <testcase name="@AfterMethod logoutOfApp" time="-1.633783973819E9" classname="com.Vtiger.GenericsUtils.BaseClassUtility">
    <skipped/>
  </testcase> <!-- @AfterMethod logoutOfApp -->
  <testcase name="@AfterClass closeBrowser" time="-1.633783973824E9" classname="com.Vtiger.GenericsUtils.BaseClassUtility">
    <skipped/>
  </testcase> <!-- @AfterClass closeBrowser -->
  <testcase name="@BeforeClass launchBrowser" time="0.011" classname="com.Vtiger.GenericsUtils.BaseClassUtility">
    <failure type="java.lang.Error" message="Unresolved compilation problem: 
	The attribute value is undefined for the annotation type Parameter
">
      <![CDATA[java.lang.Error: Unresolved compilation problem: 
The attribute value is undefined for the annotation type Parameter

at com.Vtiger.GenericsUtils.BaseClassUtility.launchBrowser(BaseClassUtility.java:36)
at java.util.ArrayList.forEach(Unknown Source)
at java.util.concurrent.FutureTask.run(Unknown Source)
at java.util.concurrent.ThreadPoolExecutor.runWorker(Unknown Source)
at java.util.concurrent.ThreadPoolExecutor$Worker.run(Unknown Source)
at java.lang.Thread.run(Unknown Source)
... Removed 16 stack frames]]>
    </failure>
  </testcase> <!-- @BeforeClass launchBrowser -->
  <testcase name="@BeforeMethod loginToApp" time="-1.633783973878E9" classname="com.Vtiger.GenericsUtils.BaseClassUtility">
    <skipped/>
  </testcase> <!-- @BeforeMethod loginToApp -->
  <testcase name="@AfterMethod logoutOfApp" time="-1.633783973886E9" classname="com.Vtiger.GenericsUtils.BaseClassUtility">
    <skipped/>
  </testcase> <!-- @AfterMethod logoutOfApp -->
  <testcase name="@AfterClass closeBrowser" time="-1.63378397389E9" classname="com.Vtiger.GenericsUtils.BaseClassUtility">
    <skipped/>
  </testcase> <!-- @AfterClass closeBrowser -->
  <testcase name="@BeforeClass launchBrowser" time="0.001" classname="com.Vtiger.GenericsUtils.BaseClassUtility">
    <failure type="java.lang.Error" message="Unresolved compilation problem: 
	The attribute value is undefined for the annotation type Parameter
">
      <![CDATA[java.lang.Error: Unresolved compilation problem: 
The attribute value is undefined for the annotation type Parameter

at com.Vtiger.GenericsUtils.BaseClassUtility.launchBrowser(BaseClassUtility.java:36)
at java.util.ArrayList.forEach(Unknown Source)
at java.util.concurrent.FutureTask.run(Unknown Source)
at java.util.concurrent.ThreadPoolExecutor.runWorker(Unknown Source)
at java.util.concurrent.ThreadPoolExecutor$Worker.run(Unknown Source)
at java.lang.Thread.run(Unknown Source)
... Removed 16 stack frames]]>
    </failure>
  </testcase> <!-- @BeforeClass launchBrowser -->
  <testcase name="@BeforeMethod loginToApp" time="-1.633783973895E9" classname="com.Vtiger.GenericsUtils.BaseClassUtility">
    <skipped/>
  </testcase> <!-- @BeforeMethod loginToApp -->
  <testcase name="@AfterMethod logoutOfApp" time="-1.633783973901E9" classname="com.Vtiger.GenericsUtils.BaseClassUtility">
    <skipped/>
  </testcase> <!-- @AfterMethod logoutOfApp -->
  <testcase name="@AfterClass closeBrowser" time="-1.63378397391E9" classname="com.Vtiger.GenericsUtils.BaseClassUtility">
    <skipped/>
  </testcase> <!-- @AfterClass closeBrowser -->
  <testcase name="@BeforeClass launchBrowser" time="0.008" classname="com.Vtiger.GenericsUtils.BaseClassUtility">
    <failure type="java.lang.Error" message="Unresolved compilation problem: 
	The attribute value is undefined for the annotation type Parameter
">
      <![CDATA[java.lang.Error: Unresolved compilation problem: 
The attribute value is undefined for the annotation type Parameter

at com.Vtiger.GenericsUtils.BaseClassUtility.launchBrowser(BaseClassUtility.java:36)
at java.util.ArrayList.forEach(Unknown Source)
at java.util.concurrent.FutureTask.run(Unknown Source)
at java.util.concurrent.ThreadPoolExecutor.runWorker(Unknown Source)
at java.util.concurrent.ThreadPoolExecutor$Worker.run(Unknown Source)
at java.lang.Thread.run(Unknown Source)
... Removed 16 stack frames]]>
    </failure>
  </testcase> <!-- @BeforeClass launchBrowser -->
  <testcase name="@BeforeMethod loginToApp" time="-1.633783973925E9" classname="com.Vtiger.GenericsUtils.BaseClassUtility">
    <skipped/>
  </testcase> <!-- @BeforeMethod loginToApp -->
  <testcase name="@AfterMethod logoutOfApp" time="-1.633783973936E9" classname="com.Vtiger.GenericsUtils.BaseClassUtility">
    <skipped/>
  </testcase> <!-- @AfterMethod logoutOfApp -->
  <testcase name="@AfterClass closeBrowser" time="-1.633783973936E9" classname="com.Vtiger.GenericsUtils.BaseClassUtility">
    <skipped/>
  </testcase> <!-- @AfterClass closeBrowser -->
  <testcase name="@BeforeClass launchBrowser" time="0.0" classname="com.Vtiger.GenericsUtils.BaseClassUtility">
    <failure type="java.lang.Error" message="Unresolved compilation problem: 
	The attribute value is undefined for the annotation type Parameter
">
      <![CDATA[java.lang.Error: Unresolved compilation problem: 
The attribute value is undefined for the annotation type Parameter

at com.Vtiger.GenericsUtils.BaseClassUtility.launchBrowser(BaseClassUtility.java:36)
at java.util.ArrayList.forEach(Unknown Source)
at java.util.concurrent.FutureTask.run(Unknown Source)
at java.util.concurrent.ThreadPoolExecutor.runWorker(Unknown Source)
at java.util.concurrent.ThreadPoolExecutor$Worker.run(Unknown Source)
at java.lang.Thread.run(Unknown Source)
... Removed 16 stack frames]]>
    </failure>
  </testcase> <!-- @BeforeClass launchBrowser -->
  <testcase name="@BeforeMethod loginToApp" time="-1.633783973945E9" classname="com.Vtiger.GenericsUtils.BaseClassUtility">
    <skipped/>
  </testcase> <!-- @BeforeMethod loginToApp -->
  <testcase name="@AfterMethod logoutOfApp" time="-1.633783973949E9" classname="com.Vtiger.GenericsUtils.BaseClassUtility">
    <skipped/>
  </testcase> <!-- @AfterMethod logoutOfApp -->
  <testcase name="@AfterClass closeBrowser" time="-1.633783973951E9" classname="com.Vtiger.GenericsUtils.BaseClassUtility">
    <skipped/>
  </testcase> <!-- @AfterClass closeBrowser -->
  <testcase name="createlead" time="0.0" classname="pomtestscript.TC_01">
    <skipped/>
  </testcase> <!-- createlead -->
  <testcase name="createlead" time="0.0" classname="pomtestscript.TC_02">
    <skipped/>
  </testcase> <!-- createlead -->
  <testcase name="createlead" time="0.0" classname="pomtestscript.TC_03">
    <skipped/>
  </testcase> <!-- createlead -->
  <testcase name="createlead" time="0.0" classname="pomtestscript.TC_04">
    <skipped/>
  </testcase> <!-- createlead -->
  <testcase name="createlead" time="0.0" classname="pomtestscript.TC_05">
    <skipped/>
  </testcase> <!-- createlead -->
  <testcase name="createLead" time="0.0" classname="pomtestscript.TestNgExmple">
    <skipped/>
  </testcase> <!-- createLead -->
  <testcase name="createlead" time="0.0" classname="pomtestscript.TC_06">
    <skipped/>
  </testcase> <!-- createlead -->
  <testcase name="@BeforeSuite connectDB" time="0.0" classname="com.Vtiger.GenericsUtils.BaseClassUtility">
    <ignored/>
  </testcase> <!-- @BeforeSuite connectDB -->
  <testcase name="@BeforeSuite connectDB" time="0.0" classname="com.Vtiger.GenericsUtils.BaseClassUtility">
    <ignored/>
  </testcase> <!-- @BeforeSuite connectDB -->
  <testcase name="@BeforeSuite connectDB" time="0.0" classname="com.Vtiger.GenericsUtils.BaseClassUtility">
    <ignored/>
  </testcase> <!-- @BeforeSuite connectDB -->
  <testcase name="@BeforeSuite connectDB" time="0.0" classname="com.Vtiger.GenericsUtils.BaseClassUtility">
    <ignored/>
  </testcase> <!-- @BeforeSuite connectDB -->
  <testcase name="@BeforeSuite connectDB" time="0.0" classname="com.Vtiger.GenericsUtils.BaseClassUtility">
    <ignored/>
  </testcase> <!-- @BeforeSuite connectDB -->
  <testcase name="@BeforeSuite connectDB" time="0.0" classname="com.Vtiger.GenericsUtils.BaseClassUtility">
    <ignored/>
  </testcase> <!-- @BeforeSuite connectDB -->
  <testcase name="@AfterSuite closedDb" time="0.0" classname="com.Vtiger.GenericsUtils.BaseClassUtility">
    <ignored/>
  </testcase> <!-- @AfterSuite closedDb -->
  <testcase name="@AfterSuite closedDb" time="0.0" classname="com.Vtiger.GenericsUtils.BaseClassUtility">
    <ignored/>
  </testcase> <!-- @AfterSuite closedDb -->
  <testcase name="@AfterSuite closedDb" time="0.0" classname="com.Vtiger.GenericsUtils.BaseClassUtility">
    <ignored/>
  </testcase> <!-- @AfterSuite closedDb -->
  <testcase name="@AfterSuite closedDb" time="0.0" classname="com.Vtiger.GenericsUtils.BaseClassUtility">
    <ignored/>
  </testcase> <!-- @AfterSuite closedDb -->
  <testcase name="@AfterSuite closedDb" time="0.0" classname="com.Vtiger.GenericsUtils.BaseClassUtility">
    <ignored/>
  </testcase> <!-- @AfterSuite closedDb -->
  <testcase name="@AfterSuite closedDb" time="0.0" classname="com.Vtiger.GenericsUtils.BaseClassUtility">
    <ignored/>
  </testcase> <!-- @AfterSuite closedDb -->
</testsuite> <!-- Test1 -->
